<?xml version="1.0" encoding="UTF-8"?>
<!-- Generated by org.testng.reporters.JUnitReportReporter -->
<testsuite hostname="DESKTOP-60K5F2C" failures="0" tests="1" name="testcase.LoginWithValidCredentials" time="0.443" errors="0" timestamp="2022-09-20T21:34:15 PKT" skipped="0">
  <testcase classname="testcase.LoginWithValidCredentials" name="ValidCredentials" time="0.443"/>
  <system-out/>
</testsuite> <!-- testcase.LoginWithValidCredentials -->
